Build started 2014-09-24 오전 2:43:06.
     1>Project "C:\Users\SENS\Documents\GitHub\comp-projects\Project3\Project3\Project3.vcxproj" on node 2 (Build target(s)).
     1>ClCompile:
         C:\Program Files (x86)\Microsoft Visual Studio 11.0\VC\bin\CL.exe /c /ZI /nologo /W3 /WX- /sdl /Od /Oy- /D _MBCS /Gm /EHsc /RTC1 /MDd /GS /fp:precise /Zc:wchar_t /Zc:forScope /Fo"Debug\\" /Fd"Debug\vc110.pdb" /Gd /TP /analyze- /errorReport:prompt attic.cpp basement.cpp bathroom.cpp bathtub.cpp bed.cpp bedroom.cpp blood.cpp bloodyhallway.cpp candle.cpp cd.cpp chair.cpp closedroom.cpp closetroom.cpp constants.cpp darkhallway.cpp diningroom.cpp dish.cpp dust.cpp fork.cpp game.cpp garage.cpp hallway.cpp item.cpp junk.cpp key.cpp kitchen.cpp lamp.cpp livingroom.cpp location.cpp main.cpp mirror.cpp openroom.cpp player.cpp room.cpp roomdata.cpp table.cpp toilet.cpp vase.cpp
         vase.cpp
     1>c:\users\sens\documents\github\comp-projects\project3\project3\location.h(35): error C2059: syntax error : '<<'
     1>c:\users\sens\documents\github\comp-projects\project3\project3\location.h(36): error C2238: unexpected token(s) preceding ';'
     1>c:\users\sens\documents\github\comp-projects\project3\project3\location.h(42): error C2059: syntax error : '=='
     1>c:\users\sens\documents\github\comp-projects\project3\project3\location.h(45): error C2238: unexpected token(s) preceding ';'
         toilet.cpp
     1>c:\users\sens\documents\github\comp-projects\project3\project3\location.h(35): error C2059: syntax error : '<<'
     1>c:\users\sens\documents\github\comp-projects\project3\project3\location.h(36): error C2238: unexpected token(s) preceding ';'
     1>c:\users\sens\documents\github\comp-projects\project3\project3\location.h(42): error C2059: syntax error : '=='
     1>c:\users\sens\documents\github\comp-projects\project3\project3\location.h(45): error C2238: unexpected token(s) preceding ';'
         table.cpp
     1>c:\users\sens\documents\github\comp-projects\project3\project3\location.h(35): error C2059: syntax error : '<<'
     1>c:\users\sens\documents\github\comp-projects\project3\project3\location.h(36): error C2238: unexpected token(s) preceding ';'
     1>c:\users\sens\documents\github\comp-projects\project3\project3\location.h(42): error C2059: syntax error : '=='
     1>c:\users\sens\documents\github\comp-projects\project3\project3\location.h(45): error C2238: unexpected token(s) preceding ';'
         roomdata.cpp
     1>c:\users\sens\documents\github\comp-projects\project3\project3\location.h(35): error C2059: syntax error : '<<'
     1>c:\users\sens\documents\github\comp-projects\project3\project3\location.h(36): error C2238: unexpected token(s) preceding ';'
     1>c:\users\sens\documents\github\comp-projects\project3\project3\location.h(42): error C2059: syntax error : '=='
     1>c:\users\sens\documents\github\comp-projects\project3\project3\location.h(45): error C2238: unexpected token(s) preceding ';'
         room.cpp
     1>c:\users\sens\documents\github\comp-projects\project3\project3\location.h(35): error C2059: syntax error : '<<'
     1>c:\users\sens\documents\github\comp-projects\project3\project3\location.h(36): error C2238: unexpected token(s) preceding ';'
     1>c:\users\sens\documents\github\comp-projects\project3\project3\location.h(42): error C2059: syntax error : '=='
     1>c:\users\sens\documents\github\comp-projects\project3\project3\location.h(45): error C2238: unexpected token(s) preceding ';'
         player.cpp
         openroom.cpp
     1>c:\users\sens\documents\github\comp-projects\project3\project3\location.h(35): error C2059: syntax error : '<<'
     1>c:\users\sens\documents\github\comp-projects\project3\project3\location.h(36): error C2238: unexpected token(s) preceding ';'
     1>c:\users\sens\documents\github\comp-projects\project3\project3\location.h(42): error C2059: syntax error : '=='
     1>c:\users\sens\documents\github\comp-projects\project3\project3\location.h(45): error C2238: unexpected token(s) preceding ';'
         mirror.cpp
     1>c:\users\sens\documents\github\comp-projects\project3\project3\location.h(35): error C2059: syntax error : '<<'
     1>c:\users\sens\documents\github\comp-projects\project3\project3\location.h(36): error C2238: unexpected token(s) preceding ';'
     1>c:\users\sens\documents\github\comp-projects\project3\project3\location.h(42): error C2059: syntax error : '=='
     1>c:\users\sens\documents\github\comp-projects\project3\project3\location.h(45): error C2238: unexpected token(s) preceding ';'
         main.cpp
     1>c:\users\sens\documents\github\comp-projects\project3\project3\game.h(128): error C2143: syntax error : missing ';' before '*'
     1>c:\users\sens\documents\github\comp-projects\project3\project3\game.h(128): error C4430: missing type specifier - int assumed. Note: C++ does not support default-int
     1>c:\users\sens\documents\github\comp-projects\project3\project3\game.h(128): warning C4183: 'retrieveItem': missing return type; assumed to be a member function returning 'int'
         location.cpp
     1>c:\users\sens\documents\github\comp-projects\project3\project3\location.h(35): error C2059: syntax error : '<<'
     1>c:\users\sens\documents\github\comp-projects\project3\project3\location.h(36): error C2238: unexpected token(s) preceding ';'
     1>c:\users\sens\documents\github\comp-projects\project3\project3\location.h(42): error C2059: syntax error : '=='
     1>c:\users\sens\documents\github\comp-projects\project3\project3\location.h(45): error C2238: unexpected token(s) preceding ';'
     1>c:\users\sens\documents\github\comp-projects\project3\project3\location.cpp(116): error C2059: syntax error : '<<'
     1>c:\users\sens\documents\github\comp-projects\project3\project3\location.cpp(117): warning C4138: '*/' found outside of comment
     1>c:\users\sens\documents\github\comp-projects\project3\project3\location.cpp(122): error C2143: syntax error : missing ';' before '{'
     1>c:\users\sens\documents\github\comp-projects\project3\project3\location.cpp(122): error C2447: '{' : missing function header (old-style formal list?)
     1>c:\users\sens\documents\github\comp-projects\project3\project3\location.cpp(151): error C2059: syntax error : '>>'
         livingroom.cpp
     1>c:\users\sens\documents\github\comp-projects\project3\project3\location.h(35): error C2059: syntax error : '<<'
     1>c:\users\sens\documents\github\comp-projects\project3\project3\location.h(36): error C2238: unexpected token(s) preceding ';'
     1>c:\users\sens\documents\github\comp-projects\project3\project3\location.h(42): error C2059: syntax error : '=='
     1>c:\users\sens\documents\github\comp-projects\project3\project3\location.h(45): error C2238: unexpected token(s) preceding ';'
         lamp.cpp
     1>c:\users\sens\documents\github\comp-projects\project3\project3\location.h(35): error C2059: syntax error : '<<'
     1>c:\users\sens\documents\github\comp-projects\project3\project3\location.h(36): error C2238: unexpected token(s) preceding ';'
     1>c:\users\sens\documents\github\comp-projects\project3\project3\location.h(42): error C2059: syntax error : '=='
     1>c:\users\sens\documents\github\comp-projects\project3\project3\location.h(45): error C2238: unexpected token(s) preceding ';'
         key.cpp
     1>c:\users\sens\documents\github\comp-projects\project3\project3\location.h(35): error C2059: syntax error : '<<'
     1>c:\users\sens\documents\github\comp-projects\project3\project3\location.h(36): error C2238: unexpected token(s) preceding ';'
     1>c:\users\sens\documents\github\comp-projects\project3\project3\location.h(42): error C2059: syntax error : '=='
     1>c:\users\sens\documents\github\comp-projects\project3\project3\location.h(45): error C2238: unexpected token(s) preceding ';'
         junk.cpp
     1>c:\users\sens\documents\github\comp-projects\project3\project3\location.h(35): error C2059: syntax error : '<<'
     1>c:\users\sens\documents\github\comp-projects\project3\project3\location.h(36): error C2238: unexpected token(s) preceding ';'
     1>c:\users\sens\documents\github\comp-projects\project3\project3\location.h(42): error C2059: syntax error : '=='
     1>c:\users\sens\documents\github\comp-projects\project3\project3\location.h(45): error C2238: unexpected token(s) preceding ';'
         item.cpp
     1>c:\users\sens\documents\github\comp-projects\project3\project3\location.h(35): error C2059: syntax error : '<<'
     1>c:\users\sens\documents\github\comp-projects\project3\project3\location.h(36): error C2238: unexpected token(s) preceding ';'
     1>c:\users\sens\documents\github\comp-projects\project3\project3\location.h(42): error C2059: syntax error : '=='
     1>c:\users\sens\documents\github\comp-projects\project3\project3\location.h(45): error C2238: unexpected token(s) preceding ';'
         game.cpp
     1>c:\users\sens\documents\github\comp-projects\project3\project3\location.h(35): error C2059: syntax error : '<<'
     1>c:\users\sens\documents\github\comp-projects\project3\project3\location.h(36): error C2238: unexpected token(s) preceding ';'
     1>c:\users\sens\documents\github\comp-projects\project3\project3\location.h(42): error C2059: syntax error : '=='
     1>c:\users\sens\documents\github\comp-projects\project3\project3\location.h(45): error C2238: unexpected token(s) preceding ';'
     1>c:\users\sens\documents\github\comp-projects\project3\project3\item.h(11): error C2011: 'Item' : 'class' type redefinition
                 c:\users\sens\documents\github\comp-projects\project3\project3\item.h(11) : see declaration of 'Item'
     1>c:\users\sens\documents\github\comp-projects\project3\project3\junk.h(10): error C2504: 'Item' : base class undefined
     1>c:\users\sens\documents\github\comp-projects\project3\project3\vase.h(10): error C2504: 'Item' : base class undefined
     1>c:\users\sens\documents\github\comp-projects\project3\project3\table.h(10): error C2504: 'Item' : base class undefined
     1>c:\users\sens\documents\github\comp-projects\project3\project3\chair.h(11): error C2504: 'Item' : base class undefined
     1>c:\users\sens\documents\github\comp-projects\project3\project3\lamp.h(10): error C2504: 'Item' : base class undefined
     1>c:\users\sens\documents\github\comp-projects\project3\project3\bed.h(10): error C2504: 'Item' : base class undefined
     1>c:\users\sens\documents\github\comp-projects\project3\project3\candle.h(10): error C2504: 'Item' : base class undefined
     1>c:\users\sens\documents\github\comp-projects\project3\project3\dish.h(10): error C2504: 'Item' : base class undefined
     1>c:\users\sens\documents\github\comp-projects\project3\project3\dust.h(10): error C2504: 'Item' : base class undefined
     1>c:\users\sens\documents\github\comp-projects\project3\project3\fork.h(10): error C2504: 'Item' : base class undefined
     1>c:\users\sens\documents\github\comp-projects\project3\project3\toilet.h(10): error C2504: 'Item' : base class undefined
     1>c:\users\sens\documents\github\comp-projects\project3\project3\bathtub.h(10): error C2504: 'Item' : base class undefined
     1>c:\users\sens\documents\github\comp-projects\project3\project3\mirror.h(10): error C2504: 'Item' : base class undefined
     1>c:\users\sens\documents\github\comp-projects\project3\project3\blood.h(10): error C2504: 'Item' : base class undefined
     1>c:\users\sens\documents\github\comp-projects\project3\project3\cd.h(10): error C2504: 'Item' : base class undefined
     1>c:\users\sens\documents\github\comp-projects\project3\project3\game.cpp(190): error C2440: '=' : cannot convert from 'Junk *' to 'Item *'
                 Types pointed to are unrelated; conversion requires reinterpret_cast, C-style cast or function-style cast
     1>c:\users\sens\documents\github\comp-projects\project3\project3\game.cpp(195): error C2440: '=' : cannot convert from 'Vase *' to 'Item *'
                 Types pointed to are unrelated; conversion requires reinterpret_cast, C-style cast or function-style cast
     1>c:\users\sens\documents\github\comp-projects\project3\project3\game.cpp(200): error C2440: '=' : cannot convert from 'Table *' to 'Item *'
                 Types pointed to are unrelated; conversion requires reinterpret_cast, C-style cast or function-style cast
     1>c:\users\sens\documents\github\comp-projects\project3\project3\game.cpp(205): error C2440: '=' : cannot convert from 'Chair *' to 'Item *'
                 Types pointed to are unrelated; conversion requires reinterpret_cast, C-style cast or function-style cast
     1>c:\users\sens\documents\github\comp-projects\project3\project3\game.cpp(210): error C2440: '=' : cannot convert from 'Lamp *' to 'Item *'
                 Types pointed to are unrelated; conversion requires reinterpret_cast, C-style cast or function-style cast
     1>c:\users\sens\documents\github\comp-projects\project3\project3\game.cpp(215): error C2440: '=' : cannot convert from 'Bed *' to 'Item *'
                 Types pointed to are unrelated; conversion requires reinterpret_cast, C-style cast or function-style cast
     1>c:\users\sens\documents\github\comp-projects\project3\project3\game.cpp(220): error C2440: '=' : cannot convert from 'Candle *' to 'Item *'
                 Types pointed to are unrelated; conversion requires reinterpret_cast, C-style cast or function-style cast
     1>c:\users\sens\documents\github\comp-projects\project3\project3\game.cpp(225): error C2440: '=' : cannot convert from 'Dish *' to 'Item *'
                 Types pointed to are unrelated; conversion requires reinterpret_cast, C-style cast or function-style cast
     1>c:\users\sens\documents\github\comp-projects\project3\project3\game.cpp(230): error C2440: '=' : cannot convert from 'Dust *' to 'Item *'
                 Types pointed to are unrelated; conversion requires reinterpret_cast, C-style cast or function-style cast
     1>c:\users\sens\documents\github\comp-projects\project3\project3\game.cpp(235): error C2440: '=' : cannot convert from 'Fork *' to 'Item *'
                 Types pointed to are unrelated; conversion requires reinterpret_cast, C-style cast or function-style cast
     1>c:\users\sens\documents\github\comp-projects\project3\project3\game.cpp(240): error C2440: '=' : cannot convert from 'Toilet *' to 'Item *'
                 Types pointed to are unrelated; conversion requires reinterpret_cast, C-style cast or function-style cast
     1>c:\users\sens\documents\github\comp-projects\project3\project3\game.cpp(245): error C2440: '=' : cannot convert from 'Bathtub *' to 'Item *'
                 Types pointed to are unrelated; conversion requires reinterpret_cast, C-style cast or function-style cast
     1>c:\users\sens\documents\github\comp-projects\project3\project3\game.cpp(250): error C2440: '=' : cannot convert from 'Mirror *' to 'Item *'
                 Types pointed to are unrelated; conversion requires reinterpret_cast, C-style cast or function-style cast
     1>c:\users\sens\documents\github\comp-projects\project3\project3\game.cpp(255): error C2440: '=' : cannot convert from 'Blood *' to 'Item *'
                 Types pointed to are unrelated; conversion requires reinterpret_cast, C-style cast or function-style cast
     1>c:\users\sens\documents\github\comp-projects\project3\project3\game.cpp(260): error C2440: '=' : cannot convert from 'Cd *' to 'Item *'
                 Types pointed to are unrelated; conversion requires reinterpret_cast, C-style cast or function-style cast
     1>c:\users\sens\documents\github\comp-projects\project3\project3\game.cpp(303): error C2660: 'Game::retrieveItem' : function does not take 1 arguments
     1>c:\users\sens\documents\github\comp-projects\project3\project3\game.cpp(303): error C2227: left of '->action' must point to class/struct/union/generic type
     1>c:\users\sens\documents\github\comp-projects\project3\project3\game.cpp(331): warning C4244: 'argument' : conversion from 'time_t' to 'unsigned int', possible loss of data
         fork.cpp
     1>c:\users\sens\documents\github\comp-projects\project3\project3\location.h(35): error C2059: syntax error : '<<'
     1>c:\users\sens\documents\github\comp-projects\project3\project3\location.h(36): error C2238: unexpected token(s) preceding ';'
     1>c:\users\sens\documents\github\comp-projects\project3\project3\location.h(42): error C2059: syntax error : '=='
     1>c:\users\sens\documents\github\comp-projects\project3\project3\location.h(45): error C2238: unexpected token(s) preceding ';'
         dust.cpp
     1>c:\users\sens\documents\github\comp-projects\project3\project3\location.h(35): error C2059: syntax error : '<<'
     1>c:\users\sens\documents\github\comp-projects\project3\project3\location.h(36): error C2238: unexpected token(s) preceding ';'
     1>c:\users\sens\documents\github\comp-projects\project3\project3\location.h(42): error C2059: syntax error : '=='
     1>c:\users\sens\documents\github\comp-projects\project3\project3\location.h(45): error C2238: unexpected token(s) preceding ';'
         dish.cpp
     1>c:\users\sens\documents\github\comp-projects\project3\project3\location.h(35): error C2059: syntax error : '<<'
     1>c:\users\sens\documents\github\comp-projects\project3\project3\location.h(36): error C2238: unexpected token(s) preceding ';'
     1>c:\users\sens\documents\github\comp-projects\project3\project3\location.h(42): error C2059: syntax error : '=='
     1>c:\users\sens\documents\github\comp-projects\project3\project3\location.h(45): error C2238: unexpected token(s) preceding ';'
         constants.cpp
     1>c:\users\sens\documents\github\comp-projects\project3\project3\location.h(35): error C2059: syntax error : '<<'
     1>c:\users\sens\documents\github\comp-projects\project3\project3\location.h(36): error C2238: unexpected token(s) preceding ';'
     1>c:\users\sens\documents\github\comp-projects\project3\project3\location.h(42): error C2059: syntax error : '=='
     1>c:\users\sens\documents\github\comp-projects\project3\project3\location.h(45): error C2238: unexpected token(s) preceding ';'
     1>c:\users\sens\documents\github\comp-projects\project3\project3\game.h(128): error C2143: syntax error : missing ';' before '*'
     1>c:\users\sens\documents\github\comp-projects\project3\project3\game.h(128): error C4430: missing type specifier - int assumed. Note: C++ does not support default-int
     1>c:\users\sens\documents\github\comp-projects\project3\project3\game.h(128): warning C4183: 'retrieveItem': missing return type; assumed to be a member function returning 'int'
         Generating Code...
     1>c:\users\sens\documents\github\comp-projects\project3\project3\player.cpp(51): error C4716: 'Player::detectItemID' : must return a value
         Compiling...
         closetroom.cpp
     1>c:\users\sens\documents\github\comp-projects\project3\project3\location.h(35): error C2059: syntax error : '<<'
     1>c:\users\sens\documents\github\comp-projects\project3\project3\location.h(36): error C2238: unexpected token(s) preceding ';'
     1>c:\users\sens\documents\github\comp-projects\project3\project3\location.h(42): error C2059: syntax error : '=='
     1>c:\users\sens\documents\github\comp-projects\project3\project3\location.h(45): error C2238: unexpected token(s) preceding ';'
         closedroom.cpp
     1>c:\users\sens\documents\github\comp-projects\project3\project3\location.h(35): error C2059: syntax error : '<<'
     1>c:\users\sens\documents\github\comp-projects\project3\project3\location.h(36): error C2238: unexpected token(s) preceding ';'
     1>c:\users\sens\documents\github\comp-projects\project3\project3\location.h(42): error C2059: syntax error : '=='
     1>c:\users\sens\documents\github\comp-projects\project3\project3\location.h(45): error C2238: unexpected token(s) preceding ';'
         chair.cpp
     1>c:\users\sens\documents\github\comp-projects\project3\project3\location.h(35): error C2059: syntax error : '<<'
     1>c:\users\sens\documents\github\comp-projects\project3\project3\location.h(36): error C2238: unexpected token(s) preceding ';'
     1>c:\users\sens\documents\github\comp-projects\project3\project3\location.h(42): error C2059: syntax error : '=='
     1>c:\users\sens\documents\github\comp-projects\project3\project3\location.h(45): error C2238: unexpected token(s) preceding ';'
         cd.cpp
     1>c:\users\sens\documents\github\comp-projects\project3\project3\location.h(35): error C2059: syntax error : '<<'
     1>c:\users\sens\documents\github\comp-projects\project3\project3\location.h(36): error C2238: unexpected token(s) preceding ';'
     1>c:\users\sens\documents\github\comp-projects\project3\project3\location.h(42): error C2059: syntax error : '=='
     1>c:\users\sens\documents\github\comp-projects\project3\project3\location.h(45): error C2238: unexpected token(s) preceding ';'
         candle.cpp
     1>c:\users\sens\documents\github\comp-projects\project3\project3\location.h(35): error C2059: syntax error : '<<'
     1>c:\users\sens\documents\github\comp-projects\project3\project3\location.h(36): error C2238: unexpected token(s) preceding ';'
     1>c:\users\sens\documents\github\comp-projects\project3\project3\location.h(42): error C2059: syntax error : '=='
     1>c:\users\sens\documents\github\comp-projects\project3\project3\location.h(45): error C2238: unexpected token(s) preceding ';'
         blood.cpp
     1>c:\users\sens\documents\github\comp-projects\project3\project3\location.h(35): error C2059: syntax error : '<<'
     1>c:\users\sens\documents\github\comp-projects\project3\project3\location.h(36): error C2238: unexpected token(s) preceding ';'
     1>c:\users\sens\documents\github\comp-projects\project3\project3\location.h(42): error C2059: syntax error : '=='
     1>c:\users\sens\documents\github\comp-projects\project3\project3\location.h(45): error C2238: unexpected token(s) preceding ';'
         bed.cpp
     1>c:\users\sens\documents\github\comp-projects\project3\project3\location.h(35): error C2059: syntax error : '<<'
     1>c:\users\sens\documents\github\comp-projects\project3\project3\location.h(36): error C2238: unexpected token(s) preceding ';'
     1>c:\users\sens\documents\github\comp-projects\project3\project3\location.h(42): error C2059: syntax error : '=='
     1>c:\users\sens\documents\github\comp-projects\project3\project3\location.h(45): error C2238: unexpected token(s) preceding ';'
         bathtub.cpp
     1>c:\users\sens\documents\github\comp-projects\project3\project3\location.h(35): error C2059: syntax error : '<<'
     1>c:\users\sens\documents\github\comp-projects\project3\project3\location.h(36): error C2238: unexpected token(s) preceding ';'
     1>c:\users\sens\documents\github\comp-projects\project3\project3\location.h(42): error C2059: syntax error : '=='
     1>c:\users\sens\documents\github\comp-projects\project3\project3\location.h(45): error C2238: unexpected token(s) preceding ';'
         Generating Code...
         Compiling...
         attic.cpp
     1>c:\users\sens\documents\github\comp-projects\project3\project3\location.h(35): error C2059: syntax error : '<<'
     1>c:\users\sens\documents\github\comp-projects\project3\project3\location.h(36): error C2238: unexpected token(s) preceding ';'
     1>c:\users\sens\documents\github\comp-projects\project3\project3\location.h(42): error C2059: syntax error : '=='
     1>c:\users\sens\documents\github\comp-projects\project3\project3\location.h(45): error C2238: unexpected token(s) preceding ';'
         Generating Code...
         Compiling...
         basement.cpp
     1>c:\users\sens\documents\github\comp-projects\project3\project3\location.h(35): error C2059: syntax error : '<<'
     1>c:\users\sens\documents\github\comp-projects\project3\project3\location.h(36): error C2238: unexpected token(s) preceding ';'
     1>c:\users\sens\documents\github\comp-projects\project3\project3\location.h(42): error C2059: syntax error : '=='
     1>c:\users\sens\documents\github\comp-projects\project3\project3\location.h(45): error C2238: unexpected token(s) preceding ';'
         Generating Code...
         Compiling...
         bathroom.cpp
     1>c:\users\sens\documents\github\comp-projects\project3\project3\location.h(35): error C2059: syntax error : '<<'
     1>c:\users\sens\documents\github\comp-projects\project3\project3\location.h(36): error C2238: unexpected token(s) preceding ';'
     1>c:\users\sens\documents\github\comp-projects\project3\project3\location.h(42): error C2059: syntax error : '=='
     1>c:\users\sens\documents\github\comp-projects\project3\project3\location.h(45): error C2238: unexpected token(s) preceding ';'
         Generating Code...
         Compiling...
         bedroom.cpp
     1>c:\users\sens\documents\github\comp-projects\project3\project3\location.h(35): error C2059: syntax error : '<<'
     1>c:\users\sens\documents\github\comp-projects\project3\project3\location.h(36): error C2238: unexpected token(s) preceding ';'
     1>c:\users\sens\documents\github\comp-projects\project3\project3\location.h(42): error C2059: syntax error : '=='
     1>c:\users\sens\documents\github\comp-projects\project3\project3\location.h(45): error C2238: unexpected token(s) preceding ';'
         Generating Code...
         Compiling...
         bloodyhallway.cpp
     1>c:\users\sens\documents\github\comp-projects\project3\project3\location.h(35): error C2059: syntax error : '<<'
     1>c:\users\sens\documents\github\comp-projects\project3\project3\location.h(36): error C2238: unexpected token(s) preceding ';'
     1>c:\users\sens\documents\github\comp-projects\project3\project3\location.h(42): error C2059: syntax error : '=='
     1>c:\users\sens\documents\github\comp-projects\project3\project3\location.h(45): error C2238: unexpected token(s) preceding ';'
         Generating Code...
         Compiling...
         darkhallway.cpp
     1>c:\users\sens\documents\github\comp-projects\project3\project3\location.h(35): error C2059: syntax error : '<<'
     1>c:\users\sens\documents\github\comp-projects\project3\project3\location.h(36): error C2238: unexpected token(s) preceding ';'
     1>c:\users\sens\documents\github\comp-projects\project3\project3\location.h(42): error C2059: syntax error : '=='
     1>c:\users\sens\documents\github\comp-projects\project3\project3\location.h(45): error C2238: unexpected token(s) preceding ';'
         Generating Code...
         Compiling...
         diningroom.cpp
     1>c:\users\sens\documents\github\comp-projects\project3\project3\location.h(35): error C2059: syntax error : '<<'
     1>c:\users\sens\documents\github\comp-projects\project3\project3\location.h(36): error C2238: unexpected token(s) preceding ';'
     1>c:\users\sens\documents\github\comp-projects\project3\project3\location.h(42): error C2059: syntax error : '=='
     1>c:\users\sens\documents\github\comp-projects\project3\project3\location.h(45): error C2238: unexpected token(s) preceding ';'
         Generating Code...
         Compiling...
         garage.cpp
     1>c:\users\sens\documents\github\comp-projects\project3\project3\location.h(35): error C2059: syntax error : '<<'
     1>c:\users\sens\documents\github\comp-projects\project3\project3\location.h(36): error C2238: unexpected token(s) preceding ';'
     1>c:\users\sens\documents\github\comp-projects\project3\project3\location.h(42): error C2059: syntax error : '=='
     1>c:\users\sens\documents\github\comp-projects\project3\project3\location.h(45): error C2238: unexpected token(s) preceding ';'
         Generating Code...
         Compiling...
         hallway.cpp
     1>c:\users\sens\documents\github\comp-projects\project3\project3\location.h(35): error C2059: syntax error : '<<'
     1>c:\users\sens\documents\github\comp-projects\project3\project3\location.h(36): error C2238: unexpected token(s) preceding ';'
     1>c:\users\sens\documents\github\comp-projects\project3\project3\location.h(42): error C2059: syntax error : '=='
     1>c:\users\sens\documents\github\comp-projects\project3\project3\location.h(45): error C2238: unexpected token(s) preceding ';'
         Generating Code...
         Compiling...
         kitchen.cpp
     1>c:\users\sens\documents\github\comp-projects\project3\project3\location.h(35): error C2059: syntax error : '<<'
     1>c:\users\sens\documents\github\comp-projects\project3\project3\location.h(36): error C2238: unexpected token(s) preceding ';'
     1>c:\users\sens\documents\github\comp-projects\project3\project3\location.h(42): error C2059: syntax error : '=='
     1>c:\users\sens\documents\github\comp-projects\project3\project3\location.h(45): error C2238: unexpected token(s) preceding ';'
         Generating Code...
     1>Done Building Project "C:\Users\SENS\Documents\GitHub\comp-projects\Project3\Project3\Project3.vcxproj" (Build target(s)) -- FAILED.

Build FAILED.

Time Elapsed 00:00:29.84
