C:\USERS\POTATO\DOCUMENTS\COMP-PROJECTS\PROJECT3\PROJECT3\DEBUG\VC110.PDB
C:\USERS\POTATO\DOCUMENTS\COMP-PROJECTS\PROJECT3\PROJECT3\DEBUG\ATTIC.OBJ
C:\USERS\POTATO\DOCUMENTS\COMP-PROJECTS\PROJECT3\PROJECT3\DEBUG\BATHROOM.OBJ
C:\USERS\POTATO\DOCUMENTS\COMP-PROJECTS\PROJECT3\PROJECT3\DEBUG\BEDROOM.OBJ
C:\USERS\POTATO\DOCUMENTS\COMP-PROJECTS\PROJECT3\PROJECT3\DEBUG\CONSTANTS.OBJ
C:\USERS\POTATO\DOCUMENTS\COMP-PROJECTS\PROJECT3\PROJECT3\DEBUG\DININGROOM.OBJ
C:\USERS\POTATO\DOCUMENTS\COMP-PROJECTS\PROJECT3\PROJECT3\DEBUG\HALLWAY.OBJ
C:\USERS\POTATO\DOCUMENTS\COMP-PROJECTS\PROJECT3\PROJECT3\DEBUG\KITCHEN.OBJ
C:\USERS\POTATO\DOCUMENTS\COMP-PROJECTS\PROJECT3\PROJECT3\DEBUG\LIVINGROOM.OBJ
C:\USERS\POTATO\DOCUMENTS\COMP-PROJECTS\PROJECT3\PROJECT3\DEBUG\LOCATION.OBJ
C:\USERS\POTATO\DOCUMENTS\COMP-PROJECTS\PROJECT3\PROJECT3\DEBUG\MAIN.OBJ
C:\USERS\POTATO\DOCUMENTS\COMP-PROJECTS\PROJECT3\PROJECT3\DEBUG\PLAYER.OBJ
C:\USERS\POTATO\DOCUMENTS\COMP-PROJECTS\PROJECT3\PROJECT3\DEBUG\PLAYERITEM.OBJ
C:\USERS\POTATO\DOCUMENTS\COMP-PROJECTS\PROJECT3\PROJECT3\DEBUG\ROOMITEM.OBJ
C:\USERS\POTATO\DOCUMENTS\COMP-PROJECTS\PROJECT3\PROJECT3\DEBUG\STARTINGROOM.OBJ
C:\USERS\POTATO\DOCUMENTS\COMP-PROJECTS\PROJECT3\PROJECT3\DEBUG\ITEM.OBJ
C:\USERS\POTATO\DOCUMENTS\COMP-PROJECTS\PROJECT3\PROJECT3\DEBUG\GARAGE.OBJ
C:\USERS\POTATO\DOCUMENTS\COMP-PROJECTS\PROJECT3\PROJECT3\DEBUG\ROOM.OBJ
C:\USERS\POTATO\DOCUMENTS\COMP-PROJECTS\PROJECT3\PROJECT3\DEBUG\BASEMENT.OBJ
C:\USERS\POTATO\DOCUMENTS\COMP-PROJECTS\PROJECT3\PROJECT3\DEBUG\BLOODYHALLWAY.OBJ
C:\USERS\POTATO\DOCUMENTS\COMP-PROJECTS\PROJECT3\PROJECT3\DEBUG\DARKHALLWAY.OBJ
C:\USERS\POTATO\DOCUMENTS\COMP-PROJECTS\PROJECT3\PROJECT3\DEBUG\ROOMDATA.OBJ
C:\USERS\POTATO\DOCUMENTS\COMP-PROJECTS\PROJECT3\PROJECT3\DEBUG\GAME.OBJ
C:\USERS\POTATO\DOCUMENTS\COMP-PROJECTS\PROJECT3\PROJECT3\DEBUG\CLOSEDROOM.OBJ
C:\USERS\POTATO\DOCUMENTS\COMP-PROJECTS\PROJECT3\PROJECT3\DEBUG\CLOSETROOM.OBJ
C:\USERS\POTATO\DOCUMENTS\COMP-PROJECTS\PROJECT3\PROJECT3\DEBUG\OPENROOM.OBJ
C:\USERS\POTATO\DOCUMENTS\COMP-PROJECTS\PROJECT3\DEBUG\PROJECT3.ILK
C:\USERS\POTATO\DOCUMENTS\COMP-PROJECTS\PROJECT3\DEBUG\PROJECT3.EXE
C:\USERS\POTATO\DOCUMENTS\COMP-PROJECTS\PROJECT3\DEBUG\PROJECT3.PDB
C:\Users\Potato\Documents\comp-projects\Project3\Project3\Debug\attic.obj
C:\Users\Potato\Documents\comp-projects\Project3\Project3\Debug\basement.obj
C:\Users\Potato\Documents\comp-projects\Project3\Project3\Debug\bathroom.obj
C:\Users\Potato\Documents\comp-projects\Project3\Project3\Debug\bedroom.obj
C:\Users\Potato\Documents\comp-projects\Project3\Project3\Debug\bloodyhallway.obj
C:\Users\Potato\Documents\comp-projects\Project3\Project3\Debug\closedroom.obj
C:\Users\Potato\Documents\comp-projects\Project3\Project3\Debug\closetroom.obj
C:\Users\Potato\Documents\comp-projects\Project3\Project3\Debug\constants.obj
C:\Users\Potato\Documents\comp-projects\Project3\Project3\Debug\darkhallway.obj
C:\Users\Potato\Documents\comp-projects\Project3\Project3\Debug\diningroom.obj
C:\Users\Potato\Documents\comp-projects\Project3\Project3\Debug\game.obj
C:\Users\Potato\Documents\comp-projects\Project3\Project3\Debug\garage.obj
C:\Users\Potato\Documents\comp-projects\Project3\Project3\Debug\hallway.obj
C:\Users\Potato\Documents\comp-projects\Project3\Project3\Debug\item.obj
C:\Users\Potato\Documents\comp-projects\Project3\Project3\Debug\kitchen.obj
C:\Users\Potato\Documents\comp-projects\Project3\Project3\Debug\livingroom.obj
C:\Users\Potato\Documents\comp-projects\Project3\Project3\Debug\location.obj
C:\Users\Potato\Documents\comp-projects\Project3\Project3\Debug\main.obj
C:\Users\Potato\Documents\comp-projects\Project3\Project3\Debug\openroom.obj
C:\Users\Potato\Documents\comp-projects\Project3\Project3\Debug\player.obj
C:\Users\Potato\Documents\comp-projects\Project3\Project3\Debug\playeritem.obj
C:\Users\Potato\Documents\comp-projects\Project3\Project3\Debug\room.obj
C:\Users\Potato\Documents\comp-projects\Project3\Project3\Debug\roomdata.obj
C:\Users\Potato\Documents\comp-projects\Project3\Project3\Debug\roomitem.obj
C:\Users\Potato\Documents\comp-projects\Project3\Project3\Debug\startingroom.obj
C:\Users\Potato\Documents\comp-projects\Project3\Project3\Debug\cl.command.1.tlog
C:\Users\Potato\Documents\comp-projects\Project3\Project3\Debug\CL.read.1.tlog
C:\Users\Potato\Documents\comp-projects\Project3\Project3\Debug\CL.write.1.tlog
C:\Users\Potato\Documents\comp-projects\Project3\Project3\Debug\link-cvtres.read.1.tlog
C:\Users\Potato\Documents\comp-projects\Project3\Project3\Debug\link-cvtres.write.1.tlog
C:\Users\Potato\Documents\comp-projects\Project3\Project3\Debug\link-rc.read.1.tlog
C:\Users\Potato\Documents\comp-projects\Project3\Project3\Debug\link-rc.write.1.tlog
C:\Users\Potato\Documents\comp-projects\Project3\Project3\Debug\link.1148-cvtres.read.1.tlog
C:\Users\Potato\Documents\comp-projects\Project3\Project3\Debug\link.1148-cvtres.write.1.tlog
C:\Users\Potato\Documents\comp-projects\Project3\Project3\Debug\link.1148-rc.read.1.tlog
C:\Users\Potato\Documents\comp-projects\Project3\Project3\Debug\link.1148-rc.write.1.tlog
C:\Users\Potato\Documents\comp-projects\Project3\Project3\Debug\link.1148.read.1.tlog
C:\Users\Potato\Documents\comp-projects\Project3\Project3\Debug\link.1148.write.1.tlog
C:\Users\Potato\Documents\comp-projects\Project3\Project3\Debug\link.1524-cvtres.read.1.tlog
C:\Users\Potato\Documents\comp-projects\Project3\Project3\Debug\link.1524-cvtres.write.1.tlog
C:\Users\Potato\Documents\comp-projects\Project3\Project3\Debug\link.1524-rc.read.1.tlog
C:\Users\Potato\Documents\comp-projects\Project3\Project3\Debug\link.1524-rc.write.1.tlog
C:\Users\Potato\Documents\comp-projects\Project3\Project3\Debug\link.1524.read.1.tlog
C:\Users\Potato\Documents\comp-projects\Project3\Project3\Debug\link.1524.write.1.tlog
C:\Users\Potato\Documents\comp-projects\Project3\Project3\Debug\link.2216-cvtres.read.1.tlog
C:\Users\Potato\Documents\comp-projects\Project3\Project3\Debug\link.2216-cvtres.write.1.tlog
C:\Users\Potato\Documents\comp-projects\Project3\Project3\Debug\link.2216-rc.read.1.tlog
C:\Users\Potato\Documents\comp-projects\Project3\Project3\Debug\link.2216-rc.write.1.tlog
C:\Users\Potato\Documents\comp-projects\Project3\Project3\Debug\link.2216.read.1.tlog
C:\Users\Potato\Documents\comp-projects\Project3\Project3\Debug\link.2216.write.1.tlog
C:\Users\Potato\Documents\comp-projects\Project3\Project3\Debug\link.2356-cvtres.read.1.tlog
C:\Users\Potato\Documents\comp-projects\Project3\Project3\Debug\link.2356-cvtres.write.1.tlog
C:\Users\Potato\Documents\comp-projects\Project3\Project3\Debug\link.2356-rc.read.1.tlog
C:\Users\Potato\Documents\comp-projects\Project3\Project3\Debug\link.2356-rc.write.1.tlog
C:\Users\Potato\Documents\comp-projects\Project3\Project3\Debug\link.2356.read.1.tlog
C:\Users\Potato\Documents\comp-projects\Project3\Project3\Debug\link.2356.write.1.tlog
C:\Users\Potato\Documents\comp-projects\Project3\Project3\Debug\link.2468-cvtres.read.1.tlog
C:\Users\Potato\Documents\comp-projects\Project3\Project3\Debug\link.2468-cvtres.write.1.tlog
C:\Users\Potato\Documents\comp-projects\Project3\Project3\Debug\link.2468-rc.read.1.tlog
C:\Users\Potato\Documents\comp-projects\Project3\Project3\Debug\link.2468-rc.write.1.tlog
C:\Users\Potato\Documents\comp-projects\Project3\Project3\Debug\link.2468.read.1.tlog
C:\Users\Potato\Documents\comp-projects\Project3\Project3\Debug\link.2468.write.1.tlog
C:\Users\Potato\Documents\comp-projects\Project3\Project3\Debug\link.2556-cvtres.read.1.tlog
C:\Users\Potato\Documents\comp-projects\Project3\Project3\Debug\link.2556-cvtres.write.1.tlog
C:\Users\Potato\Documents\comp-projects\Project3\Project3\Debug\link.2556-rc.read.1.tlog
C:\Users\Potato\Documents\comp-projects\Project3\Project3\Debug\link.2556-rc.write.1.tlog
C:\Users\Potato\Documents\comp-projects\Project3\Project3\Debug\link.2556.read.1.tlog
C:\Users\Potato\Documents\comp-projects\Project3\Project3\Debug\link.2556.write.1.tlog
C:\Users\Potato\Documents\comp-projects\Project3\Project3\Debug\link.2852-cvtres.read.1.tlog
C:\Users\Potato\Documents\comp-projects\Project3\Project3\Debug\link.2852-cvtres.write.1.tlog
C:\Users\Potato\Documents\comp-projects\Project3\Project3\Debug\link.2852-rc.read.1.tlog
C:\Users\Potato\Documents\comp-projects\Project3\Project3\Debug\link.2852-rc.write.1.tlog
C:\Users\Potato\Documents\comp-projects\Project3\Project3\Debug\link.2852.read.1.tlog
C:\Users\Potato\Documents\comp-projects\Project3\Project3\Debug\link.2852.write.1.tlog
C:\Users\Potato\Documents\comp-projects\Project3\Project3\Debug\link.544-cvtres.read.1.tlog
C:\Users\Potato\Documents\comp-projects\Project3\Project3\Debug\link.544-cvtres.write.1.tlog
C:\Users\Potato\Documents\comp-projects\Project3\Project3\Debug\link.544-rc.read.1.tlog
C:\Users\Potato\Documents\comp-projects\Project3\Project3\Debug\link.544-rc.write.1.tlog
C:\Users\Potato\Documents\comp-projects\Project3\Project3\Debug\link.544.read.1.tlog
C:\Users\Potato\Documents\comp-projects\Project3\Project3\Debug\link.544.write.1.tlog
C:\Users\Potato\Documents\comp-projects\Project3\Project3\Debug\link.800-cvtres.read.1.tlog
C:\Users\Potato\Documents\comp-projects\Project3\Project3\Debug\link.800-cvtres.write.1.tlog
C:\Users\Potato\Documents\comp-projects\Project3\Project3\Debug\link.800-rc.read.1.tlog
C:\Users\Potato\Documents\comp-projects\Project3\Project3\Debug\link.800-rc.write.1.tlog
C:\Users\Potato\Documents\comp-projects\Project3\Project3\Debug\link.800.read.1.tlog
C:\Users\Potato\Documents\comp-projects\Project3\Project3\Debug\link.800.write.1.tlog
C:\Users\Potato\Documents\comp-projects\Project3\Project3\Debug\link.command.1.tlog
C:\Users\Potato\Documents\comp-projects\Project3\Project3\Debug\link.read.1.tlog
C:\Users\Potato\Documents\comp-projects\Project3\Project3\Debug\link.write.1.tlog
C:\Users\Potato\Documents\comp-projects\Project3\Project3\Debug\vc110.idb
C:\Users\Potato\Documents\comp-projects\Project3\Project3\Debug\vc110.pdb
C:\Users\Potato\Documents\comp-projects\Project3\Debug\Project3.pdb
C:\Users\Potato\Documents\comp-projects\Project3\Debug\Project3.exe
C:\Users\Potato\Documents\comp-projects\Project3\Debug\Project3.ilk
